ERROR - 2025-05-21 12:15:59 --> Error connecting to the database: mysqli_sql_exception: No connection could be made because the target machine actively refused it in D:\laragon\www\kbra-ci\system\Database\MySQLi\Connection.php:201
Stack trace:
#0 D:\laragon\www\kbra-ci\system\Database\MySQLi\Connection.php(201): mysqli->real_connect('localhost', 'root', Object(SensitiveParameterValue), 'new_kbra', 3306, '', 0)
#1 D:\laragon\www\kbra-ci\system\Database\BaseConnection.php(421): CodeIgniter\Database\MySQLi\Connection->connect(false)
#2 D:\laragon\www\kbra-ci\system\Database\BaseConnection.php(620): CodeIgniter\Database\BaseConnection->initialize()
#3 D:\laragon\www\kbra-ci\system\Database\BaseBuilder.php(1649): CodeIgniter\Database\BaseConnection->query('SELECT *\nFROM `...', Array, false)
#4 D:\laragon\www\kbra-ci\system\Model.php(330): CodeIgniter\Database\BaseBuilder->get()
#5 D:\laragon\www\kbra-ci\system\BaseModel.php(717): CodeIgniter\Model->doFirst()
#6 D:\laragon\www\kbra-ci\app\Controllers\Login.php(29): CodeIgniter\BaseModel->first()
#7 D:\laragon\www\kbra-ci\system\CodeIgniter.php(933): App\Controllers\Login->auth()
#8 D:\laragon\www\kbra-ci\system\CodeIgniter.php(507): CodeIgniter\CodeIgniter->runController(Object(App\Controllers\Login))
#9 D:\laragon\www\kbra-ci\system\CodeIgniter.php(354): CodeIgniter\CodeIgniter->handleRequest(NULL, Object(Config\Cache), false)
#10 D:\laragon\www\kbra-ci\system\Boot.php(334): CodeIgniter\CodeIgniter->run()
#11 D:\laragon\www\kbra-ci\system\Boot.php(67): CodeIgniter\Boot::runCodeIgniter(Object(CodeIgniter\CodeIgniter))
#12 D:\laragon\www\kbra-ci\public\index.php(59): CodeIgniter\Boot::bootWeb(Object(Config\Paths))
#13 D:\laragon\www\kbra-ci\system\rewrite.php(44): require_once('D:\\laragon\\www\\...')
#14 {main}

Next CodeIgniter\Database\Exceptions\DatabaseException: No connection could be made because the target machine actively refused it in D:\laragon\www\kbra-ci\system\Database\MySQLi\Connection.php:246
Stack trace:
#0 D:\laragon\www\kbra-ci\system\Database\BaseConnection.php(421): CodeIgniter\Database\MySQLi\Connection->connect(false)
#1 D:\laragon\www\kbra-ci\system\Database\BaseConnection.php(620): CodeIgniter\Database\BaseConnection->initialize()
#2 D:\laragon\www\kbra-ci\system\Database\BaseBuilder.php(1649): CodeIgniter\Database\BaseConnection->query('SELECT *\nFROM `...', Array, false)
#3 D:\laragon\www\kbra-ci\system\Model.php(330): CodeIgniter\Database\BaseBuilder->get()
#4 D:\laragon\www\kbra-ci\system\BaseModel.php(717): CodeIgniter\Model->doFirst()
#5 D:\laragon\www\kbra-ci\app\Controllers\Login.php(29): CodeIgniter\BaseModel->first()
#6 D:\laragon\www\kbra-ci\system\CodeIgniter.php(933): App\Controllers\Login->auth()
#7 D:\laragon\www\kbra-ci\system\CodeIgniter.php(507): CodeIgniter\CodeIgniter->runController(Object(App\Controllers\Login))
#8 D:\laragon\www\kbra-ci\system\CodeIgniter.php(354): CodeIgniter\CodeIgniter->handleRequest(NULL, Object(Config\Cache), false)
#9 D:\laragon\www\kbra-ci\system\Boot.php(334): CodeIgniter\CodeIgniter->run()
#10 D:\laragon\www\kbra-ci\system\Boot.php(67): CodeIgniter\Boot::runCodeIgniter(Object(CodeIgniter\CodeIgniter))
#11 D:\laragon\www\kbra-ci\public\index.php(59): CodeIgniter\Boot::bootWeb(Object(Config\Paths))
#12 D:\laragon\www\kbra-ci\system\rewrite.php(44): require_once('D:\\laragon\\www\\...')
#13 {main}
CRITICAL - 2025-05-21 12:15:59 --> CodeIgniter\Database\Exceptions\DatabaseException: Unable to connect to the database.
Main connection [MySQLi]: No connection could be made because the target machine actively refused it
[Method: POST, Route: login/auth]
in SYSTEMPATH\Database\BaseConnection.php on line 467.
 1 SYSTEMPATH\Database\BaseConnection.php(620): CodeIgniter\Database\BaseConnection->initialize()
 2 SYSTEMPATH\Database\BaseBuilder.php(1649): CodeIgniter\Database\BaseConnection->query('SELECT *
FROM `semester`
WHERE `tahun` = :tahun:
AND `semester` = :semester:
 LIMIT 1', [...], false)
 3 SYSTEMPATH\Model.php(330): CodeIgniter\Database\BaseBuilder->get()
 4 SYSTEMPATH\BaseModel.php(717): CodeIgniter\Model->doFirst()
 5 APPPATH\Controllers\Login.php(29): CodeIgniter\BaseModel->first()
 6 SYSTEMPATH\CodeIgniter.php(933): App\Controllers\Login->auth()
 7 SYSTEMPATH\CodeIgniter.php(507): CodeIgniter\CodeIgniter->runController(Object(App\Controllers\Login))
 8 SYSTEMPATH\CodeIgniter.php(354): CodeIgniter\CodeIgniter->handleRequest(null, Object(Config\Cache), false)
 9 SYSTEMPATH\Boot.php(334): CodeIgniter\CodeIgniter->run()
10 SYSTEMPATH\Boot.php(67): CodeIgniter\Boot::runCodeIgniter(Object(CodeIgniter\CodeIgniter))
11 FCPATH\index.php(59): CodeIgniter\Boot::bootWeb(Object(Config\Paths))
12 SYSTEMPATH\rewrite.php(44): require_once('D:\\laragon\\www\\kbra-ci\\public\\index.php')
ERROR - 2025-05-21 13:32:15 --> mysqli_sql_exception: Unknown column 'santri.deleted' in 'where clause' in D:\laragon\www\kbra-ci\system\Database\MySQLi\Connection.php:327
Stack trace:
#0 D:\laragon\www\kbra-ci\system\Database\MySQLi\Connection.php(327): mysqli->query('SELECT `santri_...', 0)
#1 D:\laragon\www\kbra-ci\system\Database\BaseConnection.php(738): CodeIgniter\Database\MySQLi\Connection->execute('SELECT `santri_...')
#2 D:\laragon\www\kbra-ci\system\Database\BaseConnection.php(652): CodeIgniter\Database\BaseConnection->simpleQuery('SELECT `santri_...')
#3 D:\laragon\www\kbra-ci\system\Database\BaseBuilder.php(1649): CodeIgniter\Database\BaseConnection->query('SELECT `santri_...', Array, false)
#4 D:\laragon\www\kbra-ci\system\Model.php(286): CodeIgniter\Database\BaseBuilder->get()
#5 D:\laragon\www\kbra-ci\system\BaseModel.php(679): CodeIgniter\Model->doFindAll(0, 0)
#6 D:\laragon\www\kbra-ci\app\Controllers\Kelas.php(170): CodeIgniter\BaseModel->findAll()
#7 D:\laragon\www\kbra-ci\system\CodeIgniter.php(933): App\Controllers\Kelas->get_santri_tanpa_kelas('6')
#8 D:\laragon\www\kbra-ci\system\CodeIgniter.php(507): CodeIgniter\CodeIgniter->runController(Object(App\Controllers\Kelas))
#9 D:\laragon\www\kbra-ci\system\CodeIgniter.php(354): CodeIgniter\CodeIgniter->handleRequest(NULL, Object(Config\Cache), false)
#10 D:\laragon\www\kbra-ci\system\Boot.php(334): CodeIgniter\CodeIgniter->run()
#11 D:\laragon\www\kbra-ci\system\Boot.php(67): CodeIgniter\Boot::runCodeIgniter(Object(CodeIgniter\CodeIgniter))
#12 D:\laragon\www\kbra-ci\public\index.php(59): CodeIgniter\Boot::bootWeb(Object(Config\Paths))
#13 D:\laragon\www\kbra-ci\system\rewrite.php(44): require_once('D:\\laragon\\www\\...')
#14 {main}
CRITICAL - 2025-05-21 13:32:15 --> CodeIgniter\Database\Exceptions\DatabaseException: Unknown column 'santri.deleted' in 'where clause'
[Method: GET, Route: kelas/get_santri_tanpa_kelas/6]
in SYSTEMPATH\Database\BaseConnection.php on line 692.
 1 SYSTEMPATH\Database\BaseBuilder.php(1649): CodeIgniter\Database\BaseConnection->query('SELECT `santri_id`
FROM `ruang_kelas`
JOIN `kelas` ON `kelas`.`id` = `ruang_kelas`.`kelas_id`
WHERE `kelas`.`set` = :kelas.set:
AND `santri`.`deleted` = 0', [...], false)
 2 SYSTEMPATH\Model.php(286): CodeIgniter\Database\BaseBuilder->get()
 3 SYSTEMPATH\BaseModel.php(679): CodeIgniter\Model->doFindAll(0, 0)
 4 APPPATH\Controllers\Kelas.php(170): CodeIgniter\BaseModel->findAll()
 5 SYSTEMPATH\CodeIgniter.php(933): App\Controllers\Kelas->get_santri_tanpa_kelas('6')
 6 SYSTEMPATH\CodeIgniter.php(507): CodeIgniter\CodeIgniter->runController(Object(App\Controllers\Kelas))
 7 SYSTEMPATH\CodeIgniter.php(354): CodeIgniter\CodeIgniter->handleRequest(null, Object(Config\Cache), false)
 8 SYSTEMPATH\Boot.php(334): CodeIgniter\CodeIgniter->run()
 9 SYSTEMPATH\Boot.php(67): CodeIgniter\Boot::runCodeIgniter(Object(CodeIgniter\CodeIgniter))
10 FCPATH\index.php(59): CodeIgniter\Boot::bootWeb(Object(Config\Paths))
11 SYSTEMPATH\rewrite.php(44): require_once('D:\\laragon\\www\\kbra-ci\\public\\index.php')
CRITICAL - 2025-05-21 13:32:15 --> [Caused by] CodeIgniter\Database\Exceptions\DatabaseException: Unknown column 'santri.deleted' in 'where clause'
in SYSTEMPATH\Database\MySQLi\Connection.php on line 332.
 1 SYSTEMPATH\Database\BaseConnection.php(738): CodeIgniter\Database\MySQLi\Connection->execute('SELECT `santri_id`
FROM `ruang_kelas`
JOIN `kelas` ON `kelas`.`id` = `ruang_kelas`.`kelas_id`
WHERE `kelas`.`set` = \'1\'
AND `santri`.`deleted` = 0')
 2 SYSTEMPATH\Database\BaseConnection.php(652): CodeIgniter\Database\BaseConnection->simpleQuery('SELECT `santri_id`
FROM `ruang_kelas`
JOIN `kelas` ON `kelas`.`id` = `ruang_kelas`.`kelas_id`
WHERE `kelas`.`set` = \'1\'
AND `santri`.`deleted` = 0')
 3 SYSTEMPATH\Database\BaseBuilder.php(1649): CodeIgniter\Database\BaseConnection->query('SELECT `santri_id`
FROM `ruang_kelas`
JOIN `kelas` ON `kelas`.`id` = `ruang_kelas`.`kelas_id`
WHERE `kelas`.`set` = :kelas.set:
AND `santri`.`deleted` = 0', [...], false)
 4 SYSTEMPATH\Model.php(286): CodeIgniter\Database\BaseBuilder->get()
 5 SYSTEMPATH\BaseModel.php(679): CodeIgniter\Model->doFindAll(0, 0)
 6 APPPATH\Controllers\Kelas.php(170): CodeIgniter\BaseModel->findAll()
 7 SYSTEMPATH\CodeIgniter.php(933): App\Controllers\Kelas->get_santri_tanpa_kelas('6')
 8 SYSTEMPATH\CodeIgniter.php(507): CodeIgniter\CodeIgniter->runController(Object(App\Controllers\Kelas))
 9 SYSTEMPATH\CodeIgniter.php(354): CodeIgniter\CodeIgniter->handleRequest(null, Object(Config\Cache), false)
10 SYSTEMPATH\Boot.php(334): CodeIgniter\CodeIgniter->run()
11 SYSTEMPATH\Boot.php(67): CodeIgniter\Boot::runCodeIgniter(Object(CodeIgniter\CodeIgniter))
12 FCPATH\index.php(59): CodeIgniter\Boot::bootWeb(Object(Config\Paths))
13 SYSTEMPATH\rewrite.php(44): require_once('D:\\laragon\\www\\kbra-ci\\public\\index.php')
CRITICAL - 2025-05-21 13:32:15 --> [Caused by] mysqli_sql_exception: Unknown column 'santri.deleted' in 'where clause'
in SYSTEMPATH\Database\MySQLi\Connection.php on line 327.
 1 SYSTEMPATH\Database\MySQLi\Connection.php(327): mysqli->query('SELECT `santri_id`
FROM `ruang_kelas`
JOIN `kelas` ON `kelas`.`id` = `ruang_kelas`.`kelas_id`
WHERE `kelas`.`set` = \'1\'
AND `santri`.`deleted` = 0', 0)
 2 SYSTEMPATH\Database\BaseConnection.php(738): CodeIgniter\Database\MySQLi\Connection->execute('SELECT `santri_id`
FROM `ruang_kelas`
JOIN `kelas` ON `kelas`.`id` = `ruang_kelas`.`kelas_id`
WHERE `kelas`.`set` = \'1\'
AND `santri`.`deleted` = 0')
 3 SYSTEMPATH\Database\BaseConnection.php(652): CodeIgniter\Database\BaseConnection->simpleQuery('SELECT `santri_id`
FROM `ruang_kelas`
JOIN `kelas` ON `kelas`.`id` = `ruang_kelas`.`kelas_id`
WHERE `kelas`.`set` = \'1\'
AND `santri`.`deleted` = 0')
 4 SYSTEMPATH\Database\BaseBuilder.php(1649): CodeIgniter\Database\BaseConnection->query('SELECT `santri_id`
FROM `ruang_kelas`
JOIN `kelas` ON `kelas`.`id` = `ruang_kelas`.`kelas_id`
WHERE `kelas`.`set` = :kelas.set:
AND `santri`.`deleted` = 0', [...], false)
 5 SYSTEMPATH\Model.php(286): CodeIgniter\Database\BaseBuilder->get()
 6 SYSTEMPATH\BaseModel.php(679): CodeIgniter\Model->doFindAll(0, 0)
 7 APPPATH\Controllers\Kelas.php(170): CodeIgniter\BaseModel->findAll()
 8 SYSTEMPATH\CodeIgniter.php(933): App\Controllers\Kelas->get_santri_tanpa_kelas('6')
 9 SYSTEMPATH\CodeIgniter.php(507): CodeIgniter\CodeIgniter->runController(Object(App\Controllers\Kelas))
10 SYSTEMPATH\CodeIgniter.php(354): CodeIgniter\CodeIgniter->handleRequest(null, Object(Config\Cache), false)
11 SYSTEMPATH\Boot.php(334): CodeIgniter\CodeIgniter->run()
12 SYSTEMPATH\Boot.php(67): CodeIgniter\Boot::runCodeIgniter(Object(CodeIgniter\CodeIgniter))
13 FCPATH\index.php(59): CodeIgniter\Boot::bootWeb(Object(Config\Paths))
14 SYSTEMPATH\rewrite.php(44): require_once('D:\\laragon\\www\\kbra-ci\\public\\index.php')
ERROR - 2025-05-21 13:32:31 --> mysqli_sql_exception: Unknown column 'santri.deleted' in 'where clause' in D:\laragon\www\kbra-ci\system\Database\MySQLi\Connection.php:327
Stack trace:
#0 D:\laragon\www\kbra-ci\system\Database\MySQLi\Connection.php(327): mysqli->query('SELECT `santri_...', 0)
#1 D:\laragon\www\kbra-ci\system\Database\BaseConnection.php(738): CodeIgniter\Database\MySQLi\Connection->execute('SELECT `santri_...')
#2 D:\laragon\www\kbra-ci\system\Database\BaseConnection.php(652): CodeIgniter\Database\BaseConnection->simpleQuery('SELECT `santri_...')
#3 D:\laragon\www\kbra-ci\system\Database\BaseBuilder.php(1649): CodeIgniter\Database\BaseConnection->query('SELECT `santri_...', Array, false)
#4 D:\laragon\www\kbra-ci\system\Model.php(286): CodeIgniter\Database\BaseBuilder->get()
#5 D:\laragon\www\kbra-ci\system\BaseModel.php(679): CodeIgniter\Model->doFindAll(0, 0)
#6 D:\laragon\www\kbra-ci\app\Controllers\Kelas.php(170): CodeIgniter\BaseModel->findAll()
#7 D:\laragon\www\kbra-ci\system\CodeIgniter.php(933): App\Controllers\Kelas->get_santri_tanpa_kelas('6')
#8 D:\laragon\www\kbra-ci\system\CodeIgniter.php(507): CodeIgniter\CodeIgniter->runController(Object(App\Controllers\Kelas))
#9 D:\laragon\www\kbra-ci\system\CodeIgniter.php(354): CodeIgniter\CodeIgniter->handleRequest(NULL, Object(Config\Cache), false)
#10 D:\laragon\www\kbra-ci\system\Boot.php(334): CodeIgniter\CodeIgniter->run()
#11 D:\laragon\www\kbra-ci\system\Boot.php(67): CodeIgniter\Boot::runCodeIgniter(Object(CodeIgniter\CodeIgniter))
#12 D:\laragon\www\kbra-ci\public\index.php(59): CodeIgniter\Boot::bootWeb(Object(Config\Paths))
#13 D:\laragon\www\kbra-ci\system\rewrite.php(44): require_once('D:\\laragon\\www\\...')
#14 {main}
CRITICAL - 2025-05-21 13:32:31 --> CodeIgniter\Database\Exceptions\DatabaseException: Unknown column 'santri.deleted' in 'where clause'
[Method: GET, Route: kelas/get_santri_tanpa_kelas/6]
in SYSTEMPATH\Database\BaseConnection.php on line 692.
 1 SYSTEMPATH\Database\BaseBuilder.php(1649): CodeIgniter\Database\BaseConnection->query('SELECT `santri_id`
FROM `ruang_kelas`
JOIN `kelas` ON `kelas`.`id` = `ruang_kelas`.`kelas_id`
WHERE `kelas`.`set` = :kelas.set:
AND `santri`.`deleted` = 0', [...], false)
 2 SYSTEMPATH\Model.php(286): CodeIgniter\Database\BaseBuilder->get()
 3 SYSTEMPATH\BaseModel.php(679): CodeIgniter\Model->doFindAll(0, 0)
 4 APPPATH\Controllers\Kelas.php(170): CodeIgniter\BaseModel->findAll()
 5 SYSTEMPATH\CodeIgniter.php(933): App\Controllers\Kelas->get_santri_tanpa_kelas('6')
 6 SYSTEMPATH\CodeIgniter.php(507): CodeIgniter\CodeIgniter->runController(Object(App\Controllers\Kelas))
 7 SYSTEMPATH\CodeIgniter.php(354): CodeIgniter\CodeIgniter->handleRequest(null, Object(Config\Cache), false)
 8 SYSTEMPATH\Boot.php(334): CodeIgniter\CodeIgniter->run()
 9 SYSTEMPATH\Boot.php(67): CodeIgniter\Boot::runCodeIgniter(Object(CodeIgniter\CodeIgniter))
10 FCPATH\index.php(59): CodeIgniter\Boot::bootWeb(Object(Config\Paths))
11 SYSTEMPATH\rewrite.php(44): require_once('D:\\laragon\\www\\kbra-ci\\public\\index.php')
CRITICAL - 2025-05-21 13:32:31 --> [Caused by] CodeIgniter\Database\Exceptions\DatabaseException: Unknown column 'santri.deleted' in 'where clause'
in SYSTEMPATH\Database\MySQLi\Connection.php on line 332.
 1 SYSTEMPATH\Database\BaseConnection.php(738): CodeIgniter\Database\MySQLi\Connection->execute('SELECT `santri_id`
FROM `ruang_kelas`
JOIN `kelas` ON `kelas`.`id` = `ruang_kelas`.`kelas_id`
WHERE `kelas`.`set` = \'1\'
AND `santri`.`deleted` = 0')
 2 SYSTEMPATH\Database\BaseConnection.php(652): CodeIgniter\Database\BaseConnection->simpleQuery('SELECT `santri_id`
FROM `ruang_kelas`
JOIN `kelas` ON `kelas`.`id` = `ruang_kelas`.`kelas_id`
WHERE `kelas`.`set` = \'1\'
AND `santri`.`deleted` = 0')
 3 SYSTEMPATH\Database\BaseBuilder.php(1649): CodeIgniter\Database\BaseConnection->query('SELECT `santri_id`
FROM `ruang_kelas`
JOIN `kelas` ON `kelas`.`id` = `ruang_kelas`.`kelas_id`
WHERE `kelas`.`set` = :kelas.set:
AND `santri`.`deleted` = 0', [...], false)
 4 SYSTEMPATH\Model.php(286): CodeIgniter\Database\BaseBuilder->get()
 5 SYSTEMPATH\BaseModel.php(679): CodeIgniter\Model->doFindAll(0, 0)
 6 APPPATH\Controllers\Kelas.php(170): CodeIgniter\BaseModel->findAll()
 7 SYSTEMPATH\CodeIgniter.php(933): App\Controllers\Kelas->get_santri_tanpa_kelas('6')
 8 SYSTEMPATH\CodeIgniter.php(507): CodeIgniter\CodeIgniter->runController(Object(App\Controllers\Kelas))
 9 SYSTEMPATH\CodeIgniter.php(354): CodeIgniter\CodeIgniter->handleRequest(null, Object(Config\Cache), false)
10 SYSTEMPATH\Boot.php(334): CodeIgniter\CodeIgniter->run()
11 SYSTEMPATH\Boot.php(67): CodeIgniter\Boot::runCodeIgniter(Object(CodeIgniter\CodeIgniter))
12 FCPATH\index.php(59): CodeIgniter\Boot::bootWeb(Object(Config\Paths))
13 SYSTEMPATH\rewrite.php(44): require_once('D:\\laragon\\www\\kbra-ci\\public\\index.php')
CRITICAL - 2025-05-21 13:32:31 --> [Caused by] mysqli_sql_exception: Unknown column 'santri.deleted' in 'where clause'
in SYSTEMPATH\Database\MySQLi\Connection.php on line 327.
 1 SYSTEMPATH\Database\MySQLi\Connection.php(327): mysqli->query('SELECT `santri_id`
FROM `ruang_kelas`
JOIN `kelas` ON `kelas`.`id` = `ruang_kelas`.`kelas_id`
WHERE `kelas`.`set` = \'1\'
AND `santri`.`deleted` = 0', 0)
 2 SYSTEMPATH\Database\BaseConnection.php(738): CodeIgniter\Database\MySQLi\Connection->execute('SELECT `santri_id`
FROM `ruang_kelas`
JOIN `kelas` ON `kelas`.`id` = `ruang_kelas`.`kelas_id`
WHERE `kelas`.`set` = \'1\'
AND `santri`.`deleted` = 0')
 3 SYSTEMPATH\Database\BaseConnection.php(652): CodeIgniter\Database\BaseConnection->simpleQuery('SELECT `santri_id`
FROM `ruang_kelas`
JOIN `kelas` ON `kelas`.`id` = `ruang_kelas`.`kelas_id`
WHERE `kelas`.`set` = \'1\'
AND `santri`.`deleted` = 0')
 4 SYSTEMPATH\Database\BaseBuilder.php(1649): CodeIgniter\Database\BaseConnection->query('SELECT `santri_id`
FROM `ruang_kelas`
JOIN `kelas` ON `kelas`.`id` = `ruang_kelas`.`kelas_id`
WHERE `kelas`.`set` = :kelas.set:
AND `santri`.`deleted` = 0', [...], false)
 5 SYSTEMPATH\Model.php(286): CodeIgniter\Database\BaseBuilder->get()
 6 SYSTEMPATH\BaseModel.php(679): CodeIgniter\Model->doFindAll(0, 0)
 7 APPPATH\Controllers\Kelas.php(170): CodeIgniter\BaseModel->findAll()
 8 SYSTEMPATH\CodeIgniter.php(933): App\Controllers\Kelas->get_santri_tanpa_kelas('6')
 9 SYSTEMPATH\CodeIgniter.php(507): CodeIgniter\CodeIgniter->runController(Object(App\Controllers\Kelas))
10 SYSTEMPATH\CodeIgniter.php(354): CodeIgniter\CodeIgniter->handleRequest(null, Object(Config\Cache), false)
11 SYSTEMPATH\Boot.php(334): CodeIgniter\CodeIgniter->run()
12 SYSTEMPATH\Boot.php(67): CodeIgniter\Boot::runCodeIgniter(Object(CodeIgniter\CodeIgniter))
13 FCPATH\index.php(59): CodeIgniter\Boot::bootWeb(Object(Config\Paths))
14 SYSTEMPATH\rewrite.php(44): require_once('D:\\laragon\\www\\kbra-ci\\public\\index.php')
