CRITICAL - 2025-05-18 06:25:03 --> Error: Call to a member function isValid() on null
[Method: POST, Route: santri/import_excel]
in APPPATH\Controllers\Santri.php on line 214.
 1 SYSTEMPATH\CodeIgniter.php(933): App\Controllers\Santri->importExcel()
 2 SYSTEMPATH\CodeIgniter.php(507): CodeIgniter\CodeIgniter->runController(Object(App\Controllers\Santri))
 3 SYSTEMPATH\CodeIgniter.php(354): CodeIgniter\CodeIgniter->handleRequest(null, Object(Config\Cache), false)
 4 SYSTEMPATH\Boot.php(334): CodeIgniter\CodeIgniter->run()
 5 SYSTEMPATH\Boot.php(67): CodeIgniter\Boot::runCodeIgniter(Object(CodeIgniter\CodeIgniter))
 6 FCPATH\index.php(59): CodeIgniter\Boot::bootWeb(Object(Config\Paths))
 7 SYSTEMPATH\rewrite.php(44): require_once('D:\\laragon\\www\\kbra-ci\\public\\index.php')
CRITICAL - 2025-05-18 06:26:26 --> Error: Class "ZipArchive" not found
[Method: POST, Route: santri/import_excel]
in VENDORPATH\phpoffice\phpspreadsheet\src\PhpSpreadsheet\Shared\File.php on line 61.
 1 VENDORPATH\phpoffice\phpspreadsheet\src\PhpSpreadsheet\Shared\File.php(186): PhpOffice\PhpSpreadsheet\Shared\File::fileExists('zip://C:\\xampp8\\tmp\\phpD328.tmp#_rels/.rels')
 2 VENDORPATH\phpoffice\phpspreadsheet\src\PhpSpreadsheet\Reader\Xlsx.php(77): PhpOffice\PhpSpreadsheet\Shared\File::testFileNoThrow('C:\\xampp8\\tmp\\phpD328.tmp', '_rels/.rels')
 3 VENDORPATH\phpoffice\phpspreadsheet\src\PhpSpreadsheet\IOFactory.php(172): PhpOffice\PhpSpreadsheet\Reader\Xlsx->canRead('C:\\xampp8\\tmp\\phpD328.tmp')
 4 VENDORPATH\phpoffice\phpspreadsheet\src\PhpSpreadsheet\IOFactory.php(112): PhpOffice\PhpSpreadsheet\IOFactory::createReaderForFile('C:\\xampp8\\tmp\\phpD328.tmp', null)
 5 APPPATH\Controllers\Santri.php(223): PhpOffice\PhpSpreadsheet\IOFactory::load('C:\\xampp8\\tmp\\phpD328.tmp')
 6 SYSTEMPATH\CodeIgniter.php(933): App\Controllers\Santri->importExcel()
 7 SYSTEMPATH\CodeIgniter.php(507): CodeIgniter\CodeIgniter->runController(Object(App\Controllers\Santri))
 8 SYSTEMPATH\CodeIgniter.php(354): CodeIgniter\CodeIgniter->handleRequest(null, Object(Config\Cache), false)
 9 SYSTEMPATH\Boot.php(334): CodeIgniter\CodeIgniter->run()
10 SYSTEMPATH\Boot.php(67): CodeIgniter\Boot::runCodeIgniter(Object(CodeIgniter\CodeIgniter))
11 FCPATH\index.php(59): CodeIgniter\Boot::bootWeb(Object(Config\Paths))
12 SYSTEMPATH\rewrite.php(44): require_once('D:\\laragon\\www\\kbra-ci\\public\\index.php')
CRITICAL - 2025-05-18 06:29:22 --> Error: Class "ZipArchive" not found
[Method: POST, Route: santri/import_excel]
in VENDORPATH\phpoffice\phpspreadsheet\src\PhpSpreadsheet\Shared\File.php on line 61.
 1 VENDORPATH\phpoffice\phpspreadsheet\src\PhpSpreadsheet\Shared\File.php(186): PhpOffice\PhpSpreadsheet\Shared\File::fileExists('zip://C:\\xampp8\\tmp\\php8588.tmp#_rels/.rels')
 2 VENDORPATH\phpoffice\phpspreadsheet\src\PhpSpreadsheet\Reader\Xlsx.php(77): PhpOffice\PhpSpreadsheet\Shared\File::testFileNoThrow('C:\\xampp8\\tmp\\php8588.tmp', '_rels/.rels')
 3 VENDORPATH\phpoffice\phpspreadsheet\src\PhpSpreadsheet\IOFactory.php(172): PhpOffice\PhpSpreadsheet\Reader\Xlsx->canRead('C:\\xampp8\\tmp\\php8588.tmp')
 4 VENDORPATH\phpoffice\phpspreadsheet\src\PhpSpreadsheet\IOFactory.php(112): PhpOffice\PhpSpreadsheet\IOFactory::createReaderForFile('C:\\xampp8\\tmp\\php8588.tmp', null)
 5 APPPATH\Controllers\Santri.php(223): PhpOffice\PhpSpreadsheet\IOFactory::load('C:\\xampp8\\tmp\\php8588.tmp')
 6 SYSTEMPATH\CodeIgniter.php(933): App\Controllers\Santri->importExcel()
 7 SYSTEMPATH\CodeIgniter.php(507): CodeIgniter\CodeIgniter->runController(Object(App\Controllers\Santri))
 8 SYSTEMPATH\CodeIgniter.php(354): CodeIgniter\CodeIgniter->handleRequest(null, Object(Config\Cache), false)
 9 SYSTEMPATH\Boot.php(334): CodeIgniter\CodeIgniter->run()
10 SYSTEMPATH\Boot.php(67): CodeIgniter\Boot::runCodeIgniter(Object(CodeIgniter\CodeIgniter))
11 FCPATH\index.php(59): CodeIgniter\Boot::bootWeb(Object(Config\Paths))
12 SYSTEMPATH\rewrite.php(44): require_once('D:\\laragon\\www\\kbra-ci\\public\\index.php')
CRITICAL - 2025-05-18 06:30:19 --> Error: Class "ZipArchive" not found
[Method: POST, Route: santri/import_excel]
in VENDORPATH\phpoffice\phpspreadsheet\src\PhpSpreadsheet\Shared\File.php on line 61.
 1 VENDORPATH\phpoffice\phpspreadsheet\src\PhpSpreadsheet\Shared\File.php(186): PhpOffice\PhpSpreadsheet\Shared\File::fileExists('zip://C:\\xampp8\\tmp\\php60F5.tmp#_rels/.rels')
 2 VENDORPATH\phpoffice\phpspreadsheet\src\PhpSpreadsheet\Reader\Xlsx.php(77): PhpOffice\PhpSpreadsheet\Shared\File::testFileNoThrow('C:\\xampp8\\tmp\\php60F5.tmp', '_rels/.rels')
 3 VENDORPATH\phpoffice\phpspreadsheet\src\PhpSpreadsheet\IOFactory.php(172): PhpOffice\PhpSpreadsheet\Reader\Xlsx->canRead('C:\\xampp8\\tmp\\php60F5.tmp')
 4 VENDORPATH\phpoffice\phpspreadsheet\src\PhpSpreadsheet\IOFactory.php(112): PhpOffice\PhpSpreadsheet\IOFactory::createReaderForFile('C:\\xampp8\\tmp\\php60F5.tmp', null)
 5 APPPATH\Controllers\Santri.php(223): PhpOffice\PhpSpreadsheet\IOFactory::load('C:\\xampp8\\tmp\\php60F5.tmp')
 6 SYSTEMPATH\CodeIgniter.php(933): App\Controllers\Santri->importExcel()
 7 SYSTEMPATH\CodeIgniter.php(507): CodeIgniter\CodeIgniter->runController(Object(App\Controllers\Santri))
 8 SYSTEMPATH\CodeIgniter.php(354): CodeIgniter\CodeIgniter->handleRequest(null, Object(Config\Cache), false)
 9 SYSTEMPATH\Boot.php(334): CodeIgniter\CodeIgniter->run()
10 SYSTEMPATH\Boot.php(67): CodeIgniter\Boot::runCodeIgniter(Object(CodeIgniter\CodeIgniter))
11 FCPATH\index.php(59): CodeIgniter\Boot::bootWeb(Object(Config\Paths))
12 SYSTEMPATH\rewrite.php(44): require_once('D:\\laragon\\www\\kbra-ci\\public\\index.php')
CRITICAL - 2025-05-18 06:33:04 --> Error: Class "ZipArchive" not found
[Method: POST, Route: santri/import_excel]
in VENDORPATH\phpoffice\phpspreadsheet\src\PhpSpreadsheet\Shared\File.php on line 61.
 1 VENDORPATH\phpoffice\phpspreadsheet\src\PhpSpreadsheet\Shared\File.php(186): PhpOffice\PhpSpreadsheet\Shared\File::fileExists('zip://C:\\xampp8\\tmp\\phpE762.tmp#_rels/.rels')
 2 VENDORPATH\phpoffice\phpspreadsheet\src\PhpSpreadsheet\Reader\Xlsx.php(77): PhpOffice\PhpSpreadsheet\Shared\File::testFileNoThrow('C:\\xampp8\\tmp\\phpE762.tmp', '_rels/.rels')
 3 VENDORPATH\phpoffice\phpspreadsheet\src\PhpSpreadsheet\IOFactory.php(172): PhpOffice\PhpSpreadsheet\Reader\Xlsx->canRead('C:\\xampp8\\tmp\\phpE762.tmp')
 4 VENDORPATH\phpoffice\phpspreadsheet\src\PhpSpreadsheet\IOFactory.php(112): PhpOffice\PhpSpreadsheet\IOFactory::createReaderForFile('C:\\xampp8\\tmp\\phpE762.tmp', null)
 5 APPPATH\Controllers\Santri.php(223): PhpOffice\PhpSpreadsheet\IOFactory::load('C:\\xampp8\\tmp\\phpE762.tmp')
 6 SYSTEMPATH\CodeIgniter.php(933): App\Controllers\Santri->importExcel()
 7 SYSTEMPATH\CodeIgniter.php(507): CodeIgniter\CodeIgniter->runController(Object(App\Controllers\Santri))
 8 SYSTEMPATH\CodeIgniter.php(354): CodeIgniter\CodeIgniter->handleRequest(null, Object(Config\Cache), false)
 9 SYSTEMPATH\Boot.php(334): CodeIgniter\CodeIgniter->run()
10 SYSTEMPATH\Boot.php(67): CodeIgniter\Boot::runCodeIgniter(Object(CodeIgniter\CodeIgniter))
11 FCPATH\index.php(59): CodeIgniter\Boot::bootWeb(Object(Config\Paths))
12 SYSTEMPATH\rewrite.php(44): require_once('D:\\laragon\\www\\kbra-ci\\public\\index.php')
